<?xml version="1.0" encoding="UTF-8"?>
<!-- Generated by org.testng.reporters.JUnitXMLReporter -->
<testsuite ignored="1" hostname="IN-G90B0F3" failures="1" tests="2" name="Test" time="16.239" errors="0" timestamp="2023-04-14T11:54:00 IST">
  <testcase classname="Test.CheckHomePageTitle" name="ScheckTitle" time="0.03">
    <failure type="java.lang.AssertionError" message="expected [Onlining Shopping site in India: Shop Online for Mobiles, Books, Watches, Shoes and More - Amazon.in] but found [Online Shopping site in India: Shop Online for Mobiles, Books, Watches, Shoes and More - Amazon.in]">
      <![CDATA[java.lang.AssertionError: expected [Onlining Shopping site in India: Shop Online for Mobiles, Books, Watches, Shoes and More - Amazon.in] but found [Online Shopping site in India: Shop Online for Mobiles, Books, Watches, Shoes and More - Amazon.in]
at Test.CheckHomePageTitle.ScheckTitle(CheckHomePageTitle.java:35)
at java.base/java.util.ArrayList.forEach(ArrayList.java:1511)
... Removed 33 stack frames]]>
    </failure>
  </testcase> <!-- ScheckTitle -->
  <testcase classname="Test.AmazonSearchTest" name="searchForLaptops" time="3.762"/>
  <testcase classname="Base.Base" name="@AfterSuite ClosingAll" time="0.0">
    <ignored/>
  </testcase> <!-- @AfterSuite ClosingAll -->
</testsuite> <!-- Test -->
