<?xml version="1.0" encoding="UTF-8"?>
<!-- Generated by org.testng.reporters.JUnitXMLReporter -->
<testsuite ignored="1" hostname="IN-G90B0F3" failures="0" tests="2" name="Test" time="12.245" errors="0" timestamp="2023-04-18T11:21:20 IST">
  <testcase classname="Test.CheckHomePageTitle" name="ScheckTitle" time="0.05"/>
  <testcase classname="Test.AmazonSearchTest" name="searchForLaptops" time="3.0"/>
  <testcase classname="Base.Base" name="@AfterSuite ClosingAll" time="0.0">
    <ignored/>
  </testcase> <!-- @AfterSuite ClosingAll -->
</testsuite> <!-- Test -->
