<?xml version="1.0" encoding="UTF-8"?>
<testng-results ignored="1" total="3" passed="2" failed="0" skipped="0">
  <reporter-output>
  </reporter-output>
  <suite started-at="2023-04-18T11:21:08 IST" name="Suite" finished-at="2023-04-18T11:21:20 IST" duration-ms="12245">
    <groups>
    </groups>
    <test started-at="2023-04-18T11:21:08 IST" name="Test" finished-at="2023-04-18T11:21:20 IST" duration-ms="12245">
      <class name="Test.AmazonSearchTest">
        <test-method is-config="true" signature="driverInitialization()[pri:0, instance:Test.AmazonSearchTest@1040be71]" started-at="2023-04-18T11:21:14 IST" name="driverInitialization" finished-at="2023-04-18T11:21:17 IST" duration-ms="3589" status="PASS">
          <reporter-output>
          </reporter-output>
        </test-method> <!-- driverInitialization -->
        <test-method is-config="true" signature="beforeMethod(java.lang.reflect.Method)[pri:0, instance:Test.AmazonSearchTest@1040be71]" started-at="2023-04-18T11:21:17 IST" name="beforeMethod" finished-at="2023-04-18T11:21:17 IST" duration-ms="1" status="PASS">
          <params>
            <param index="0">
              <value>
                <![CDATA[public void Test.AmazonSearchTest.searchForLaptops()]]>
              </value>
            </param>
          </params>
          <reporter-output>
          </reporter-output>
        </test-method> <!-- beforeMethod -->
        <test-method signature="searchForLaptops()[pri:0, instance:Test.AmazonSearchTest@1040be71]" started-at="2023-04-18T11:21:17 IST" name="searchForLaptops" finished-at="2023-04-18T11:21:20 IST" duration-ms="3000" status="PASS">
          <reporter-output>
          </reporter-output>
        </test-method> <!-- searchForLaptops -->
        <test-method is-config="true" signature="saveResult(org.testng.ITestResult)[pri:0, instance:Test.AmazonSearchTest@1040be71]" started-at="2023-04-18T11:21:20 IST" name="saveResult" finished-at="2023-04-18T11:21:20 IST" duration-ms="1" status="PASS">
          <params>
            <param index="0">
              <value>
                <![CDATA[[TestResult name=searchForLaptops status=SUCCESS method=AmazonSearchTest.searchForLaptops()[pri:0, instance:Test.AmazonSearchTest@1040be71] output={null}]]]>
              </value>
            </param>
          </params>
          <reporter-output>
          </reporter-output>
        </test-method> <!-- saveResult -->
        <test-method is-config="true" signature="tearDown()[pri:0, instance:Test.AmazonSearchTest@1040be71]" started-at="2023-04-18T11:21:20 IST" name="tearDown" finished-at="2023-04-18T11:21:20 IST" duration-ms="353" status="PASS">
          <reporter-output>
          </reporter-output>
        </test-method> <!-- tearDown -->
      </class> <!-- Test.AmazonSearchTest -->
      <class name="Test.CheckHomePageTitle">
        <test-method is-config="true" signature="driverInitialization()[pri:0, instance:Test.CheckHomePageTitle@537f60bf]" started-at="2023-04-18T11:21:08 IST" name="driverInitialization" finished-at="2023-04-18T11:21:13 IST" duration-ms="4982" status="PASS">
          <reporter-output>
          </reporter-output>
        </test-method> <!-- driverInitialization -->
        <test-method is-config="true" signature="beforeMethod(java.lang.reflect.Method)[pri:0, instance:Test.CheckHomePageTitle@537f60bf]" started-at="2023-04-18T11:21:13 IST" name="beforeMethod" finished-at="2023-04-18T11:21:13 IST" duration-ms="5" status="PASS">
          <params>
            <param index="0">
              <value>
                <![CDATA[public void Test.CheckHomePageTitle.ScheckTitle()]]>
              </value>
            </param>
          </params>
          <reporter-output>
          </reporter-output>
        </test-method> <!-- beforeMethod -->
        <test-method signature="ScheckTitle()[pri:0, instance:Test.CheckHomePageTitle@537f60bf]" started-at="2023-04-18T11:21:13 IST" name="ScheckTitle" finished-at="2023-04-18T11:21:13 IST" duration-ms="50" status="PASS">
          <reporter-output>
          </reporter-output>
        </test-method> <!-- ScheckTitle -->
        <test-method is-config="true" signature="saveResult(org.testng.ITestResult)[pri:0, instance:Test.CheckHomePageTitle@537f60bf]" started-at="2023-04-18T11:21:13 IST" name="saveResult" finished-at="2023-04-18T11:21:13 IST" duration-ms="4" status="PASS">
          <params>
            <param index="0">
              <value>
                <![CDATA[[TestResult name=ScheckTitle status=SUCCESS method=CheckHomePageTitle.ScheckTitle()[pri:0, instance:Test.CheckHomePageTitle@537f60bf] output={null}]]]>
              </value>
            </param>
          </params>
          <reporter-output>
          </reporter-output>
        </test-method> <!-- saveResult -->
        <test-method is-config="true" signature="tearDown()[pri:0, instance:Test.CheckHomePageTitle@537f60bf]" started-at="2023-04-18T11:21:13 IST" name="tearDown" finished-at="2023-04-18T11:21:14 IST" duration-ms="211" status="PASS">
          <reporter-output>
          </reporter-output>
        </test-method> <!-- tearDown -->
        <test-method is-config="true" signature="ClosingAll()[pri:0, instance:Test.CheckHomePageTitle@537f60bf]" started-at="2023-04-18T11:21:20 IST" name="ClosingAll" finished-at="2023-04-18T11:21:21 IST" duration-ms="258" status="PASS">
          <reporter-output>
          </reporter-output>
        </test-method> <!-- ClosingAll -->
      </class> <!-- Test.CheckHomePageTitle -->
    </test> <!-- Test -->
  </suite> <!-- Suite -->
</testng-results>
